[debug] [2021-05-01T01:39:29.662Z] ----------------------------------------------------------------------
[debug] [2021-05-01T01:39:29.667Z] Command:       C:\Program Files\nodejs\node.exe C:\Users\HASEEB\AppData\Roaming\npm\node_modules\firebase-tools\lib\bin\firebase.js init
[debug] [2021-05-01T01:39:29.668Z] CLI Version:   9.10.0
[debug] [2021-05-01T01:39:29.668Z] Platform:      win32
[debug] [2021-05-01T01:39:29.669Z] Node Version:  v14.16.1
[debug] [2021-05-01T01:39:29.670Z] Time:          Sat May 01 2021 06:39:29 GMT+0500 (West Kazakhstan Time)
[debug] [2021-05-01T01:39:29.670Z] ----------------------------------------------------------------------
[debug] 
[debug] [2021-05-01T01:39:29.681Z] > command requires scopes: ["email","openid","https://www.googleapis.com/auth/cloudplatformprojects.readonly","https://www.googleapis.com/auth/firebase","https://www.googleapis.com/auth/cloud-platform"]
[debug] [2021-05-01T01:39:29.681Z] > authorizing via signed-in user (haseebmuhammad438@gmail.com)
[info] 
     ######## #### ########  ######## ########     ###     ######  ########
     ##        ##  ##     ## ##       ##     ##  ##   ##  ##       ##
     ######    ##  ########  ######   ########  #########  ######  ######
     ##        ##  ##    ##  ##       ##     ## ##     ##       ## ##
     ##       #### ##     ## ######## ########  ##     ##  ######  ########

You're about to initialize a Firebase project in this directory:

  D:\CUST\6th semester\WAD\BCS183149-HASEEB\BCS183149-HASEEB\HASEEB

[info] 
=== Project Setup
[info] 
[info] First, let's associate this project directory with a Firebase project.
[info] You can create multiple project aliases by running firebase use --add, 
[info] but for now we'll just set up a default project.
[info] 
[debug] [2021-05-01T01:39:46.925Z] > refreshing access token with scopes: []
[debug] [2021-05-01T01:39:46.926Z] >>> HTTP REQUEST POST https://www.googleapis.com/oauth2/v3/token  
 <request body omitted>
[debug] [2021-05-01T01:39:47.594Z] <<< HTTP RESPONSE 200 {"cache-control":"no-cache, no-store, max-age=0, must-revalidate","date":"Sat, 01 May 2021 01:39:18 GMT","expires":"Mon, 01 Jan 1990 00:00:00 GMT","pragma":"no-cache","content-type":"application/json; charset=utf-8","vary":"X-Origin, Referer, Origin,Accept-Encoding","server":"scaffolding on HTTPServer2","x-xss-protection":"0","x-frame-options":"SAMEORIGIN","x-content-type-options":"nosniff","alt-svc":"h3-29=\":443\"; ma=2592000,h3-T051=\":443\"; ma=2592000,h3-Q050=\":443\"; ma=2592000,h3-Q046=\":443\"; ma=2592000,h3-Q043=\":443\"; ma=2592000,quic=\":443\"; ma=2592000; v=\"46,43\"","accept-ranges":"none","transfer-encoding":"chunked"}
[debug] [2021-05-01T01:39:47.716Z] >>> [apiv2][query] GET https://firebase.googleapis.com/v1beta1/projects pageSize=100
[debug] [2021-05-01T01:39:48.650Z] <<< [apiv2][status] GET https://firebase.googleapis.com/v1beta1/projects 200
[debug] [2021-05-01T01:39:48.650Z] <<< [apiv2][body] GET https://firebase.googleapis.com/v1beta1/projects [omitted]
[info] i  Using project webdev-21589 (webdev) 
[info] 
=== Hosting Setup
[info] 
[info] Your public directory is the folder (relative to your project directory) that
[info] will contain Hosting assets to be uploaded with firebase deploy. If you
[info] have a build process for your assets, use your build's output directory.
[info] 
[info] +  Wrote Haseeb/404.html 
[debug] [2021-05-01T01:40:19.326Z] >>> [apiv2][query] GET https://www.gstatic.com/firebasejs/releases.json [none]
[debug] [2021-05-01T01:40:19.827Z] <<< [apiv2][status] GET https://www.gstatic.com/firebasejs/releases.json 200
[debug] [2021-05-01T01:40:19.827Z] <<< [apiv2][body] GET https://www.gstatic.com/firebasejs/releases.json {"current":{"version":"8.4.3","browserURL":"https://www.gstatic.com/firebasejs/8.4.3/firebase.js","packageURL":"https://www.gstatic.com/firebasejs/8.4.3/firebase.tgz"},"live":{"version":"8.4","browserURL":"https://www.gstatic.com/firebasejs/live/8.4/firebase.js","packageURL":"https://www.gstatic.com/firebasejs/live/8.4/firebase.tgz"},"components":{"analytics":"https://www.gstatic.com/firebasejs/8.4.3/firebase-analytics.js","app":"https://www.gstatic.com/firebasejs/8.4.3/firebase-app.js","auth":"https://www.gstatic.com/firebasejs/8.4.3/firebase-auth.js","database":"https://www.gstatic.com/firebasejs/8.4.3/firebase-database.js","firestore":"https://www.gstatic.com/firebasejs/8.4.3/firebase-firestore.js","functions":"https://www.gstatic.com/firebasejs/8.4.3/firebase-functions.js","installations":"https://www.gstatic.com/firebasejs/8.4.3/firebase-installations.js","messaging":"https://www.gstatic.com/firebasejs/8.4.3/firebase-messaging.js","storage":"https://www.gstatic.com/firebasejs/8.4.3/firebase-storage.js","performance":"https://www.gstatic.com/firebasejs/8.4.3/firebase-performance.js","remote-config":"https://www.gstatic.com/firebasejs/8.4.3/firebase-remote-config.js","firestore.memory":"https://www.gstatic.com/firebasejs/8.4.3/firebase-firestore.memory.js"}}
[info] +  Wrote Haseeb/index.html 
[info] 
[info] i  Didn't detect a .git folder. Assuming D:\CUST\6th semester\WAD\BCS183149-HASEEB\BCS183149-HASEEB\HASEEB is the project root. 
[info] i  Authorizing with GitHub to upload your service account to a GitHub repository's secrets store. 
[info] 
[info] Visit this URL on this device to log in:
[info] https://github.com/login/oauth/authorize?client_id=89cf50f02ac6aaed3484&state=75472346&redirect_uri=http%3A%2F%2Flocalhost%3A9005&scope=read%3Auser%20repo%20public_repo
[info] 
[info] Waiting for authentication...
[debug] [2021-05-01T01:40:20.998Z] >>> HTTP REQUEST POST https://github.com/login/oauth/access_token  
 {"client_id":"89cf50f02ac6aaed3484","client_secret":"3330d14abc895d9a74d5f17cd7a00711fa2c5bf0","code":"d9b596b0d24c97928627","redirect_uri":"http://localhost:9005","state":"75472346"}
[debug] [2021-05-01T01:40:21.862Z] <<< HTTP RESPONSE 200 {"server":"GitHub.com","date":"Sat, 01 May 2021 01:39:52 GMT","content-type":"application/json; charset=utf-8","transfer-encoding":"chunked","vary":"X-PJAX, Accept-Encoding, Accept, X-Requested-With","permissions-policy":"interest-cohort=()","etag":"W/\"575d7dc16c09d2042f2d4175154f6a0e\"","cache-control":"max-age=0, private, must-revalidate","strict-transport-security":"max-age=31536000; includeSubdomains; preload","x-frame-options":"deny","x-content-type-options":"nosniff","x-xss-protection":"0","referrer-policy":"origin-when-cross-origin, strict-origin-when-cross-origin","expect-ct":"max-age=2592000, report-uri=\"https://api.github.com/_private/browser/errors\"","content-security-policy":"default-src 'none'; base-uri 'self'; block-all-mixed-content; connect-src 'self' uploads.github.com www.githubstatus.com collector.githubapp.com api.github.com github-cloud.s3.amazonaws.com github-production-repository-file-5c1aeb.s3.amazonaws.com github-production-upload-manifest-file-7fdce7.s3.amazonaws.com github-production-user-asset-6210df.s3.amazonaws.com cdn.optimizely.com logx.optimizely.com/v1/events wss://alive.github.com; font-src github.githubassets.com; form-action 'self' github.com gist.github.com; frame-ancestors 'none'; frame-src render.githubusercontent.com; img-src 'self' data: github.githubassets.com identicons.github.com collector.githubapp.com github-cloud.s3.amazonaws.com secured-user-images.githubusercontent.com/ *.githubusercontent.com; manifest-src 'self'; media-src 'none'; script-src github.githubassets.com; style-src 'unsafe-inline' github.githubassets.com; worker-src github.com/socket-worker-3f088aa2.js gist.github.com/socket-worker-3f088aa2.js","x-github-request-id":"CD0B:4F8D:34BE59:39B516:608CB168"}
[debug] [2021-05-01T01:40:21.866Z] >>> [apiv2][query] GET https://api.github.com/user [none]
[debug] [2021-05-01T01:40:22.743Z] <<< [apiv2][status] GET https://api.github.com/user 200
[debug] [2021-05-01T01:40:22.743Z] <<< [apiv2][body] GET https://api.github.com/user {"login":"HASEEB-BUTT","id":58135790,"node_id":"MDQ6VXNlcjU4MTM1Nzkw","avatar_url":"https://avatars.githubusercontent.com/u/58135790?v=4","gravatar_id":"","url":"https://api.github.com/users/HASEEB-BUTT","html_url":"https://github.com/HASEEB-BUTT","followers_url":"https://api.github.com/users/HASEEB-BUTT/followers","following_url":"https://api.github.com/users/HASEEB-BUTT/following{/other_user}","gists_url":"https://api.github.com/users/HASEEB-BUTT/gists{/gist_id}","starred_url":"https://api.github.com/users/HASEEB-BUTT/starred{/owner}{/repo}","subscriptions_url":"https://api.github.com/users/HASEEB-BUTT/subscriptions","organizations_url":"https://api.github.com/users/HASEEB-BUTT/orgs","repos_url":"https://api.github.com/users/HASEEB-BUTT/repos","events_url":"https://api.github.com/users/HASEEB-BUTT/events{/privacy}","received_events_url":"https://api.github.com/users/HASEEB-BUTT/received_events","type":"User","site_admin":false,"name":null,"company":null,"blog":"","location":null,"email":null,"hireable":null,"bio":null,"twitter_username":null,"public_repos":1,"public_gists":0,"followers":0,"following":0,"created_at":"2019-11-24T11:03:11Z","updated_at":"2021-05-01T01:17:19Z","private_gists":0,"total_private_repos":0,"owned_private_repos":0,"disk_usage":0,"collaborators":0,"two_factor_authentication":false,"plan":{"name":"free","space":976562499,"collaborators":0,"private_repos":10000}}
[info] 
[info] +  Success! Logged into GitHub as HASEEB-BUTT 
[info] 
[debug] [2021-05-01T01:40:45.689Z] >>> [apiv2][query] GET https://api.github.com/repos//actions/secrets/public-key type=owner
[debug] [2021-05-01T01:40:46.141Z] <<< [apiv2][status] GET https://api.github.com/repos//actions/secrets/public-key 404
[debug] [2021-05-01T01:40:46.141Z] <<< [apiv2][body] GET https://api.github.com/repos//actions/secrets/public-key {"message":"Not Found","documentation_url":"https://docs.github.com/rest"}
[debug] [2021-05-01T01:41:50.647Z] >>> [apiv2][query] GET https://api.github.com/repos/IronFuturist/AutoNote/actions/secrets/public-key type=owner
[debug] [2021-05-01T01:41:51.448Z] <<< [apiv2][status] GET https://api.github.com/repos/IronFuturist/AutoNote/actions/secrets/public-key 403
[debug] [2021-05-01T01:41:51.448Z] <<< [apiv2][body] GET https://api.github.com/repos/IronFuturist/AutoNote/actions/secrets/public-key {"message":"Must have admin rights to Repository.","documentation_url":"https://docs.github.com/rest/reference/actions#get-a-repository-public-key"}
[debug] [2021-05-01T01:42:35.474Z] >>> [apiv2][query] GET https://api.github.com/repos/IronFuturist/AutoNote/actions/secrets/public-key type=owner
[debug] [2021-05-01T01:42:35.960Z] <<< [apiv2][status] GET https://api.github.com/repos/IronFuturist/AutoNote/actions/secrets/public-key 403
[debug] [2021-05-01T01:42:35.960Z] <<< [apiv2][body] GET https://api.github.com/repos/IronFuturist/AutoNote/actions/secrets/public-key {"message":"Must have admin rights to Repository.","documentation_url":"https://docs.github.com/rest/reference/actions#get-a-repository-public-key"}
[debug] [2021-05-01T01:42:50.338Z] >>> [apiv2][query] GET https://api.github.com/repos//actions/secrets/public-key type=owner
[debug] [2021-05-01T01:42:51.146Z] <<< [apiv2][status] GET https://api.github.com/repos//actions/secrets/public-key 404
[debug] [2021-05-01T01:42:51.147Z] <<< [apiv2][body] GET https://api.github.com/repos//actions/secrets/public-key {"message":"Not Found","documentation_url":"https://docs.github.com/rest"}
[debug] [2021-05-01T01:42:53.476Z] >>> [apiv2][query] GET https://api.github.com/repos/Hosting/actions/secrets/public-key type=owner
[debug] [2021-05-01T01:42:53.928Z] <<< [apiv2][status] GET https://api.github.com/repos/Hosting/actions/secrets/public-key 404
[debug] [2021-05-01T01:42:53.928Z] <<< [apiv2][body] GET https://api.github.com/repos/Hosting/actions/secrets/public-key {"message":"Not Found","documentation_url":"https://docs.github.com/rest"}
[debug] [2021-05-01T01:43:11.244Z] >>> [apiv2][query] GET https://api.github.com/repos/Firebase/actions/secrets/public-key type=owner
[debug] [2021-05-01T01:43:11.718Z] <<< [apiv2][status] GET https://api.github.com/repos/Firebase/actions/secrets/public-key 404
[debug] [2021-05-01T01:43:11.719Z] <<< [apiv2][body] GET https://api.github.com/repos/Firebase/actions/secrets/public-key {"message":"Not Found","documentation_url":"https://docs.github.com/rest"}
[debug] [2021-05-01T01:43:20.845Z] >>> [apiv2][query] GET https://api.github.com/repos/Repositry/actions/secrets/public-key type=owner
[debug] [2021-05-01T01:43:21.290Z] <<< [apiv2][status] GET https://api.github.com/repos/Repositry/actions/secrets/public-key 404
[debug] [2021-05-01T01:43:21.290Z] <<< [apiv2][body] GET https://api.github.com/repos/Repositry/actions/secrets/public-key {"message":"Not Found","documentation_url":"https://docs.github.com/rest"}
[debug] [2021-05-01T01:44:16.267Z] >>> [apiv2][query] GET https://api.github.com/repos/Haseeb/actions/secrets/public-key type=owner
[debug] [2021-05-01T01:44:17.066Z] <<< [apiv2][status] GET https://api.github.com/repos/Haseeb/actions/secrets/public-key 404
[debug] [2021-05-01T01:44:17.066Z] <<< [apiv2][body] GET https://api.github.com/repos/Haseeb/actions/secrets/public-key {"message":"Not Found","documentation_url":"https://docs.github.com/rest"}
[debug] [2021-05-01T01:45:09.643Z] >>> [apiv2][query] GET https://api.github.com/repos/haseeb/actions/secrets/public-key type=owner
[debug] [2021-05-01T01:45:10.083Z] <<< [apiv2][status] GET https://api.github.com/repos/haseeb/actions/secrets/public-key 404
[debug] [2021-05-01T01:45:10.083Z] <<< [apiv2][body] GET https://api.github.com/repos/haseeb/actions/secrets/public-key {"message":"Not Found","documentation_url":"https://docs.github.com/rest"}
[debug] [2021-05-01T01:45:30.716Z] >>> [apiv2][query] GET https://api.github.com/repos//actions/secrets/public-key type=owner
[debug] [2021-05-01T01:45:31.528Z] <<< [apiv2][status] GET https://api.github.com/repos//actions/secrets/public-key 404
[debug] [2021-05-01T01:45:31.528Z] <<< [apiv2][body] GET https://api.github.com/repos//actions/secrets/public-key {"message":"Not Found","documentation_url":"https://docs.github.com/rest"}
[debug] [2021-05-01T01:45:35.994Z] >>> [apiv2][query] GET https://api.github.com/repos/clear/actions/secrets/public-key type=owner
[debug] [2021-05-01T01:45:36.503Z] <<< [apiv2][status] GET https://api.github.com/repos/clear/actions/secrets/public-key 404
[debug] [2021-05-01T01:45:36.503Z] <<< [apiv2][body] GET https://api.github.com/repos/clear/actions/secrets/public-key {"message":"Not Found","documentation_url":"https://docs.github.com/rest"}
[debug] [2021-05-01T01:45:40.116Z] >>> [apiv2][query] GET https://api.github.com/repos/quit/actions/secrets/public-key type=owner
[debug] [2021-05-01T01:45:40.568Z] <<< [apiv2][status] GET https://api.github.com/repos/quit/actions/secrets/public-key 404
[debug] [2021-05-01T01:45:40.568Z] <<< [apiv2][body] GET https://api.github.com/repos/quit/actions/secrets/public-key {"message":"Not Found","documentation_url":"https://docs.github.com/rest"}
[debug] [2021-05-01T01:45:42.215Z] >>> [apiv2][query] GET https://api.github.com/repos/cancel/actions/secrets/public-key type=owner
[debug] [2021-05-01T01:45:42.669Z] <<< [apiv2][status] GET https://api.github.com/repos/cancel/actions/secrets/public-key 404
[debug] [2021-05-01T01:45:42.670Z] <<< [apiv2][body] GET https://api.github.com/repos/cancel/actions/secrets/public-key {"message":"Not Found","documentation_url":"https://docs.github.com/rest"}
